<?xml version="1.0" encoding="UTF-8"?>
<!-- Generated by org.testng.reporters.JUnitReportReporter -->
<testsuite hostname="Vrishalis-MacBook-Air.local" failures="0" tests="2" name="com.automation.tests.SalesForceTestCases" time="17.498" errors="0" timestamp="2023-06-08T10:11:18 PDT" skipped="0">
  <testcase classname="com.automation.tests.SalesForceTestCases" name="loginWithBlankPassword" time="9.762"/>
  <system-out/>
  <testcase classname="com.automation.tests.SalesForceTestCases" name="ValidLoginToSalesForce" time="7.736"/>
  <system-out/>
</testsuite> <!-- com.automation.tests.SalesForceTestCases -->
