<?xml version="1.0" encoding="UTF-8"?>
<!-- Generated by org.testng.reporters.JUnitReportReporter -->
<testsuite hostname="Vrishalis-MacBook-Air.local" failures="0" tests="1" name="com.automation.tests.SFTestCases" time="39.817" errors="0" timestamp="2023-06-06T21:51:53 PDT" skipped="0">
  <testcase classname="com.automation.tests.SFTestCases" name="ValidLoginToSalesForce" time="39.817"/>
  <system-out/>
</testsuite> <!-- com.automation.tests.SFTestCases -->
